<?xml version="1.0" encoding="UTF-8"?>
<!-- Generated by org.testng.reporters.JUnitReportReporter -->
<testsuite hostname="DESKTOP-1MI440S" failures="0" tests="1" name="RunnerScript.Script2" time="18.445" errors="0" timestamp="2024-08-07T14:02:30 IST" skipped="0">
  <testcase classname="RunnerScript.Script2" name="runner" time="18.445"/>
  <system-out/>
</testsuite> <!-- RunnerScript.Script2 -->
