<?xml version="1.0" encoding="UTF-8"?>
<!-- Generated by org.testng.reporters.JUnitReportReporter -->
<testsuite hostname="DESKTOP-1MI440S" failures="0" tests="1" name="RunnerScript.Script1" time="16.071" errors="0" timestamp="2024-08-06T14:37:37 IST" skipped="0">
  <testcase classname="RunnerScript.Script1" name="runner" time="16.071"/>
  <system-out/>
</testsuite> <!-- RunnerScript.Script1 -->
